{"/Users/mac/fornode/fortestfile/main.js":{"path":"/Users/mac/fornode/fortestfile/main.js","s":{"1":1,"2":182,"3":1,"4":181,"5":1,"6":180,"7":1,"8":179,"9":35,"10":144,"11":56,"12":88,"13":1,"14":0,"15":0,"16":1},"b":{"1":[1,181],"2":[1,180],"3":[1,179],"4":[35,144],"5":[56,88],"6":[0,1]},"f":{},"fnMap":{},"statementMap":{"1":{"start":{"line":1,"column":0},"end":{"line":15,"column":1}},"2":{"start":{"line":2,"column":1},"end":{"line":4,"column":2}},"3":{"start":{"line":3,"column":2},"end":{"line":3,"column":42}},"4":{"start":{"line":5,"column":1},"end":{"line":7,"column":2}},"5":{"start":{"line":6,"column":2},"end":{"line":6,"column":34}},"6":{"start":{"line":8,"column":1},"end":{"line":10,"column":2}},"7":{"start":{"line":9,"column":2},"end":{"line":9,"column":35}},"8":{"start":{"line":12,"column":1},"end":{"line":12,"column":20}},"9":{"start":{"line":12,"column":11},"end":{"line":12,"column":20}},"10":{"start":{"line":13,"column":1},"end":{"line":13,"column":20}},"11":{"start":{"line":13,"column":11},"end":{"line":13,"column":20}},"12":{"start":{"line":14,"column":1},"end":{"line":14,"column":38}},"13":{"start":{"line":16,"column":0},"end":{"line":19,"column":1}},"14":{"start":{"line":17,"column":1},"end":{"line":17,"column":31}},"15":{"start":{"line":18,"column":1},"end":{"line":18,"column":27}},"16":{"start":{"line":20,"column":0},"end":{"line":20,"column":28}}},"branchMap":{"1":{"line":2,"type":"if","locations":[{"start":{"line":2,"column":1},"end":{"line":2,"column":1}},{"start":{"line":2,"column":1},"end":{"line":2,"column":1}}]},"2":{"line":5,"type":"if","locations":[{"start":{"line":5,"column":1},"end":{"line":5,"column":1}},{"start":{"line":5,"column":1},"end":{"line":5,"column":1}}]},"3":{"line":8,"type":"if","locations":[{"start":{"line":8,"column":1},"end":{"line":8,"column":1}},{"start":{"line":8,"column":1},"end":{"line":8,"column":1}}]},"4":{"line":12,"type":"if","locations":[{"start":{"line":12,"column":1},"end":{"line":12,"column":1}},{"start":{"line":12,"column":1},"end":{"line":12,"column":1}}]},"5":{"line":13,"type":"if","locations":[{"start":{"line":13,"column":1},"end":{"line":13,"column":1}},{"start":{"line":13,"column":1},"end":{"line":13,"column":1}}]},"6":{"line":16,"type":"if","locations":[{"start":{"line":16,"column":0},"end":{"line":16,"column":0}},{"start":{"line":16,"column":0},"end":{"line":16,"column":0}}]}}}}